<?xml version="1.0" encoding="UTF-8"?>
<!-- Generated by org.testng.reporters.JUnitXMLReporter -->
<testsuite hostname="XENAPTCSTEST1" name="OamTest_new" tests="1" failures="1" timestamp="5 May 2017 14:05:06 GMT" time="0.001" errors="0">
  <testcase name="OamTest_new" time="0.0" classname="testCases.TestCases">
    <failure type="org.testng.TestNGException" message="
Method OamTest_new requires 4 parameters but 3 were supplied in the @Test annotation.">
      <![CDATA[org.testng.TestNGException: 
Method OamTest_new requires 4 parameters but 3 were supplied in the @Test annotation.
... Removed 23 stack frames]]>
    </failure>
  </testcase> <!-- OamTest_new -->
</testsuite> <!-- OamTest_new -->
